SF:/home/psyco/dev/xtdcpp/serializer/src/serializer.hh
DA:31,-1
DA:32,-1
DA:30,-1
end_of_record
SF:/home/psyco/dev/xtdcpp/serializer/src/archives/DebugArchive.hh
DA:264,-1
DA:306,-1
DA:307,-1
DA:270,-1
DA:277,-1
DA:289,-1
DA:300,-1
DA:263,-1
end_of_record
SF:/home/psyco/dev/xtdcpp/serializer/src/archives/DebugArchive.hh
DA:217,-1
DA:256,-1
DA:257,-1
DA:224,-1
DA:232,-1
DA:244,-1
DA:216,-1
end_of_record
SF:/home/psyco/dev/xtdcpp/serializer/src/archives/DebugArchive.hh
DA:167,-1
DA:209,-1
DA:210,-1
DA:173,-1
DA:180,-1
DA:192,-1
DA:203,-1
DA:166,-1
end_of_record
SF:/home/psyco/dev/xtdcpp/serializer/src/archives/DebugArchive.hh
DA:122,-1
DA:160,-1
DA:161,-1
DA:128,-1
DA:136,-1
DA:148,-1
DA:121,-1
end_of_record
SF:/home/psyco/dev/xtdcpp/serializer/src/archives/DebugArchive.hh
DA:72,-1
DA:114,-1
DA:115,-1
DA:78,-1
DA:85,-1
DA:97,-1
DA:108,-1
DA:71,-1
end_of_record
SF:/home/psyco/dev/xtdcpp/serializer/src/archives/DebugArchive.hh
DA:27,-1
DA:65,-1
DA:66,-1
DA:33,-1
DA:41,-1
DA:53,-1
DA:26,-1
end_of_record
SF:/home/psyco/dev/xtdcpp/serializer/src/objects/Doc.hh
DA:15,-1
DA:25,-1
DA:27,-1
DA:18,-1
DA:22,-1
DA:11,-1
end_of_record
SF:/home/psyco/dev/xtdcpp/serializer/src/serializer.hh
DA:18,-1
end_of_record
SF:/home/psyco/dev/xtdcpp/serializer/src/serializer.hh
DA:63,-1
DA:64,-1
DA:65,-1
DA:38,-1
DA:45,-1
DA:52,-1
DA:37,-1
end_of_record
SF:/home/psyco/dev/xtdcpp/serializer/src/serializer.hh
DA:74,-1
DA:78,-1
DA:71,-1
end_of_record
SF:/home/psyco/dev/xtdcpp/serializer/src/serializer.hh
DA:21,-1
DA:22,-1
DA:20,-1
end_of_record
SF:/home/psyco/dev/xtdcpp/serializer/src/serializer.hh
DA:26,-1
DA:27,-1
DA:25,-1
end_of_record
SF:/home/psyco/dev/xtdcpp/serializer/src/archives/DebugArchive.cc
DA:18,-1
end_of_record
SF:/home/psyco/dev/xtdcpp/serializer/src/archives/DebugArchive.cc
DA:19,-1
end_of_record
SF:/home/psyco/dev/xtdcpp/serializer/src/archives/DebugArchive.hh
DA:22,-1
end_of_record
SF:/home/psyco/dev/xtdcpp/serializer/src/serializer.hh
DA:84,-1
DA:86,-1
DA:88,-1
DA:90,-1
DA:93,-1
DA:95,-1
DA:97,-1
end_of_record
SF:/home/psyco/dev/xtdcpp/serializer/src/archives/DebugArchive.hh
DA:23,-1
end_of_record
SF:/home/psyco/dev/xtdcpp/serializer/src/serializer.hh
DA:12,-1
end_of_record
