SF:/home/psyco/dev/xtdcpp/common/src/main.cc
DA:9,1
DA:8,-1
end_of_record
SF:/home/psyco/dev/xtdcpp/common/src/Application.hh
DA:96,1
DA:107,1
DA:89,-1
DA:116,-1
DA:128,-1
DA:339,1
DA:340,1
DA:341,1
DA:342,1
DA:345,-1
DA:346,-1
DA:347,-1
DA:348,-1
DA:349,-1
DA:350,-1
DA:351,-1
DA:134,1
DA:139,1
DA:148,1
DA:157,1
DA:162,1
DA:167,1
DA:173,1
DA:185,1
DA:190,1
DA:195,-1
DA:207,1
DA:213,1
DA:224,1
DA:232,1
DA:239,1
DA:246,1
DA:254,1
DA:263,1
DA:278,1
DA:290,1
DA:299,1
DA:312,1
DA:321,1
DA:329,1
DA:333,-1
DA:334,-1
DA:335,-1
DA:336,-1
DA:87,1
end_of_record
SF:/home/psyco/dev/xtdcpp/common/src/ConfParser.hh
DA:26,-1
DA:27,-1
DA:28,-1
DA:31,-1
DA:32,-1
DA:124,-1
DA:125,-1
DA:126,-1
DA:127,-1
DA:128,-1
DA:57,-1
DA:58,-1
DA:61,-1
DA:62,-1
DA:63,-1
DA:64,-1
DA:65,-1
DA:68,-1
DA:69,-1
DA:70,-1
DA:71,-1
DA:72,-1
DA:73,-1
DA:74,-1
DA:75,-1
DA:76,-1
DA:77,-1
DA:78,-1
DA:79,-1
DA:80,-1
DA:83,-1
DA:98,1
DA:104,1
DA:106,-1
DA:121,-1
DA:109,-1
DA:110,-1
DA:113,-1
DA:114,-1
DA:115,-1
DA:24,1
end_of_record
SF:/home/psyco/dev/xtdcpp/common/src/ConfParser.hh
DA:37,-1
DA:53,-1
DA:40,-1
DA:41,-1
DA:42,-1
DA:43,-1
DA:46,-1
DA:47,-1
DA:48,-1
DA:49,-1
DA:50,-1
DA:35,-1
end_of_record
SF:/home/psyco/dev/xtdcpp/common/src/error.hh
DA:32,-1
DA:12,-1
DA:19,-1
DA:22,-1
DA:26,-1
DA:9,-1
end_of_record
SF:/home/psyco/dev/xtdcpp/common/src/logger.hh
DA:17,-1
DA:29,-1
DA:79,-1
DA:80,-1
DA:81,-1
DA:82,-1
DA:32,-1
DA:35,-1
DA:36,-1
DA:37,-1
DA:38,-1
DA:39,-1
DA:40,-1
DA:41,-1
DA:42,-1
DA:44,-1
DA:45,-1
DA:46,-1
DA:47,-1
DA:49,-1
DA:50,-1
DA:51,-1
DA:53,-1
DA:55,-1
DA:57,-1
DA:59,-1
DA:61,-1
DA:63,-1
DA:65,-1
DA:67,-1
DA:69,-1
DA:71,-1
DA:74,-1
DA:76,-1
DA:15,-1
end_of_record
SF:/home/psyco/dev/xtdcpp/common/src/Application.hh
DA:119,-1
DA:120,-1
DA:121,-1
DA:122,-1
DA:123,-1
DA:124,-1
DA:125,-1
DA:118,-1
end_of_record
SF:/home/psyco/dev/xtdcpp/common/src/json_parser.hpp
DA:54,-1
DA:55,-1
DA:57,-1
DA:58,-1
DA:53,-1
end_of_record
SF:/home/psyco/dev/xtdcpp/common/src/json_parser.hpp
DA:75,-1
DA:76,-1
DA:78,-1
DA:79,-1
DA:74,-1
end_of_record
SF:/home/psyco/dev/xtdcpp/common/src/json_parser.hpp
DA:64,-1
DA:65,-1
DA:67,-1
DA:68,-1
DA:63,-1
end_of_record
SF:/home/psyco/dev/xtdcpp/common/src/text.hh
DA:12,-1
DA:13,-1
DA:23,-1
DA:16,-1
DA:17,-1
DA:20,-1
DA:10,-1
end_of_record
SF:/home/psyco/dev/xtdcpp/common/src/json_parser.hpp
DA:47,1
end_of_record
SF:/home/psyco/dev/xtdcpp/common/src/json_parser.hpp
DA:47,-1
end_of_record
SF:/home/psyco/dev/xtdcpp/common/src/json_parser.hpp
DA:98,1
DA:122,1
DA:150,1
DA:174,1
DA:48,-1
end_of_record
SF:/home/psyco/dev/xtdcpp/common/src/json_parser_write.hpp
DA:25,-1
DA:76,-1
DA:138,-1
DA:165,-1
end_of_record
SF:/home/psyco/dev/xtdcpp/common/src/Application.cc
DA:18,-1
end_of_record
SF:/home/psyco/dev/xtdcpp/common/src/types.hh
DA:37,-1
DA:32,-1
end_of_record
SF:/home/psyco/dev/xtdcpp/common/src/text.cc
DA:6,-1
end_of_record
SF:/home/psyco/dev/xtdcpp/common/src/Application.cc
DA:14,-1
end_of_record
SF:/home/psyco/dev/xtdcpp/common/src/json_parser.hpp
DA:27,1
end_of_record
SF:/home/psyco/dev/xtdcpp/common/src/logger.hh
DA:10,-1
end_of_record
SF:/home/psyco/dev/xtdcpp/common/src/main.cc
DA:38,-1
end_of_record
